Case #1: BA BA
Case #2: AC BA C BA
Case #3: CC BA
Case #4: BB AC BA
Case #5: BC BA C BA
Case #6: BA BA BA C BA
Case #7: CB AC BA
Case #8: BA BA C BA
Case #9: CC CB AC BA
Case #10: AC AC AC BA
Case #11: CC AC BA C BA
Case #12: AA CB AC BA
Case #13: CC AC BA
Case #14: BB AB AC BA
Case #15: BB AC BA C BA
Case #16: BC BC BA C BA
Case #17: BA
Case #18: AC BA
Case #19: BA BA BA
Case #20: CB AC BA C BA
Case #21: BA CB AC BA
Case #22: AC AC BA C BA
Case #23: CC BA C BA
Case #24: CC BC BA C BA
Case #25: BC BC BA
Case #26: BA C BA
Case #27: AC AC BA
Case #28: CC BC BC BA
Case #29: AB AC BA
Case #30: CA CA C BA
Case #31: C BA
Case #32: CA C BA
Case #33: CB CB AC BA
Case #34: CB C BA
Case #35: CC BC BA
Case #36: CA CA CA C BA
Case #37: CB CB C BA
Case #38: AB AC BA C BA
Case #39: BA BA BA BA
Case #40: CB CB CB C BA
Case #41: CA CB AC BA
Case #42: BB CB AC BA
Case #43: AB AB AC BA
Case #44: BC BC BC BA
Case #45: CC AC AC BA
Case #46: BC BA
