Case #1: POSSIBLE
00010
00001
01001
01101
00000
Case #2: POSSIBLE
01
00
Case #3: IMPOSSIBLE
Case #4: POSSIBLE
0101010
0000001
0100001
0110001
0111001
0111101
0000000
Case #5: IMPOSSIBLE
Case #6: POSSIBLE
0100
0001
0101
0000
Case #7: POSSIBLE
000011001001110011000001000011011001101100000000
000000000000000000000000000000000000000000000001
010000000000000000000000000000000000000000000001
011000000000000000000000000000000000000000000001
011100000000000000000000000000000000000000000001
011110000000000000000000000000000000000000000001
011111000000000000000000000000000000000000000001
011111100000000000000000000000000000000000000001
011111110000000000000000000000000000000000000001
011111111000000000000000000000000000000000000001
011111111100000000000000000000000000000000000001
011111111110000000000000000000000000000000000001
011111111111000000000000000000000000000000000001
011111111111100000000000000000000000000000000001
011111111111110000000000000000000000000000000001
011111111111111000000000000000000000000000000001
011111111111111100000000000000000000000000000001
011111111111111110000000000000000000000000000001
011111111111111111000000000000000000000000000001
011111111111111111100000000000000000000000000001
011111111111111111110000000000000000000000000001
011111111111111111111000000000000000000000000001
011111111111111111111100000000000000000000000001
011111111111111111111110000000000000000000000001
011111111111111111111111000000000000000000000001
011111111111111111111111100000000000000000000001
011111111111111111111111110000000000000000000001
011111111111111111111111111000000000000000000001
011111111111111111111111111100000000000000000001
011111111111111111111111111110000000000000000001
011111111111111111111111111111000000000000000001
011111111111111111111111111111100000000000000001
011111111111111111111111111111110000000000000001
011111111111111111111111111111111000000000000001
011111111111111111111111111111111100000000000001
011111111111111111111111111111111110000000000001
011111111111111111111111111111111111000000000001
011111111111111111111111111111111111100000000001
011111111111111111111111111111111111110000000001
011111111111111111111111111111111111111000000001
011111111111111111111111111111111111111100000001
011111111111111111111111111111111111111110000001
011111111111111111111111111111111111111111000001
011111111111111111111111111111111111111111100001
011111111111111111111111111111111111111111110001
011111111111111111111111111111111111111111111001
011111111111111111111111111111111111111111111101
000000000000000000000000000000000000000000000000
Case #8: POSSIBLE
011111100110001111110110000
000000000000000000000000001
010000000000000000000000001
011000000000000000000000001
011100000000000000000000001
011110000000000000000000001
011111000000000000000000001
011111100000000000000000001
011111110000000000000000001
011111111000000000000000001
011111111100000000000000001
011111111110000000000000001
011111111111000000000000001
011111111111100000000000001
011111111111110000000000001
011111111111111000000000001
011111111111111100000000001
011111111111111110000000001
011111111111111111000000001
011111111111111111100000001
011111111111111111110000001
011111111111111111111000001
011111111111111111111100001
011111111111111111111110001
011111111111111111111111001
011111111111111111111111101
000000000000000000000000000
Case #9: POSSIBLE
0100010
0000001
0100001
0110001
0111001
0111101
0000000
Case #10: POSSIBLE
0101110110
0000000001
0100000001
0110000001
0111000001
0111100001
0111110001
0111111001
0111111101
0000000000
Case #11: POSSIBLE
0111111100000
0000000000001
0100000000001
0110000000001
0111000000001
0111100000001
0111110000001
0111111000001
0111111100001
0111111110001
0111111111001
0111111111101
0000000000000
Case #12: POSSIBLE
0001110000011010110000011011001000
0000000000000000000000000000000001
0100000000000000000000000000000001
0110000000000000000000000000000001
0111000000000000000000000000000001
0111100000000000000000000000000001
0111110000000000000000000000000001
0111111000000000000000000000000001
0111111100000000000000000000000001
0111111110000000000000000000000001
0111111111000000000000000000000001
0111111111100000000000000000000001
0111111111110000000000000000000001
0111111111111000000000000000000001
0111111111111100000000000000000001
0111111111111110000000000000000001
0111111111111111000000000000000001
0111111111111111100000000000000001
0111111111111111110000000000000001
0111111111111111111000000000000001
0111111111111111111100000000000001
0111111111111111111110000000000001
0111111111111111111111000000000001
0111111111111111111111100000000001
0111111111111111111111110000000001
0111111111111111111111111000000001
0111111111111111111111111100000001
0111111111111111111111111110000001
0111111111111111111111111111000001
0111111111111111111111111111100001
0111111111111111111111111111110001
0111111111111111111111111111111001
0111111111111111111111111111111101
0000000000000000000000000000000000
Case #13: POSSIBLE
0100110000011111001011000
0000000000000000000000001
0100000000000000000000001
0110000000000000000000001
0111000000000000000000001
0111100000000000000000001
0111110000000000000000001
0111111000000000000000001
0111111100000000000000001
0111111110000000000000001
0111111111000000000000001
0111111111100000000000001
0111111111110000000000001
0111111111111000000000001
0111111111111100000000001
0111111111111110000000001
0111111111111111000000001
0111111111111111100000001
0111111111111111110000001
0111111111111111111000001
0111111111111111111100001
0111111111111111111110001
0111111111111111111111001
0111111111111111111111101
0000000000000000000000000
Case #14: IMPOSSIBLE
Case #15: POSSIBLE
0111100
0000001
0100001
0110001
0111001
0111101
0000000
Case #16: POSSIBLE
0101101100101101111000000
0000000000000000000000001
0100000000000000000000001
0110000000000000000000001
0111000000000000000000001
0111100000000000000000001
0111110000000000000000001
0111111000000000000000001
0111111100000000000000001
0111111110000000000000001
0111111111000000000000001
0111111111100000000000001
0111111111110000000000001
0111111111111000000000001
0111111111111100000000001
0111111111111110000000001
0111111111111111000000001
0111111111111111100000001
0111111111111111110000001
0111111111111111111000001
0111111111111111111100001
0111111111111111111110001
0111111111111111111111001
0111111111111111111111101
0000000000000000000000000
Case #17: POSSIBLE
00101101100
00000000001
01000000001
01100000001
01110000001
01111000001
01111100001
01111110001
01111111001
01111111101
00000000000
Case #18: POSSIBLE
010
001
000
Case #19: IMPOSSIBLE
Case #20: POSSIBLE
0001100
0000001
0100001
0110001
0111001
0111101
0000000
Case #21: POSSIBLE
011100110100000011111011111000101101001101011110
000000000000000000000000000000000000000000000001
010000000000000000000000000000000000000000000001
011000000000000000000000000000000000000000000001
011100000000000000000000000000000000000000000001
011110000000000000000000000000000000000000000001
011111000000000000000000000000000000000000000001
011111100000000000000000000000000000000000000001
011111110000000000000000000000000000000000000001
011111111000000000000000000000000000000000000001
011111111100000000000000000000000000000000000001
011111111110000000000000000000000000000000000001
011111111111000000000000000000000000000000000001
011111111111100000000000000000000000000000000001
011111111111110000000000000000000000000000000001
011111111111111000000000000000000000000000000001
011111111111111100000000000000000000000000000001
011111111111111110000000000000000000000000000001
011111111111111111000000000000000000000000000001
011111111111111111100000000000000000000000000001
011111111111111111110000000000000000000000000001
011111111111111111111000000000000000000000000001
011111111111111111111100000000000000000000000001
011111111111111111111110000000000000000000000001
011111111111111111111111000000000000000000000001
011111111111111111111111100000000000000000000001
011111111111111111111111110000000000000000000001
011111111111111111111111111000000000000000000001
011111111111111111111111111100000000000000000001
011111111111111111111111111110000000000000000001
011111111111111111111111111111000000000000000001
011111111111111111111111111111100000000000000001
011111111111111111111111111111110000000000000001
011111111111111111111111111111111000000000000001
011111111111111111111111111111111100000000000001
011111111111111111111111111111111110000000000001
011111111111111111111111111111111111000000000001
011111111111111111111111111111111111100000000001
011111111111111111111111111111111111110000000001
011111111111111111111111111111111111111000000001
011111111111111111111111111111111111111100000001
011111111111111111111111111111111111111110000001
011111111111111111111111111111111111111111000001
011111111111111111111111111111111111111111100001
011111111111111111111111111111111111111111110001
011111111111111111111111111111111111111111111001
011111111111111111111111111111111111111111111101
000000000000000000000000000000000000000000000000
Case #22: POSSIBLE
011001001110001110011011101000001101000010
000000000000000000000000000000000000000001
010000000000000000000000000000000000000001
011000000000000000000000000000000000000001
011100000000000000000000000000000000000001
011110000000000000000000000000000000000001
011111000000000000000000000000000000000001
011111100000000000000000000000000000000001
011111110000000000000000000000000000000001
011111111000000000000000000000000000000001
011111111100000000000000000000000000000001
011111111110000000000000000000000000000001
011111111111000000000000000000000000000001
011111111111100000000000000000000000000001
011111111111110000000000000000000000000001
011111111111111000000000000000000000000001
011111111111111100000000000000000000000001
011111111111111110000000000000000000000001
011111111111111111000000000000000000000001
011111111111111111100000000000000000000001
011111111111111111110000000000000000000001
011111111111111111111000000000000000000001
011111111111111111111100000000000000000001
011111111111111111111110000000000000000001
011111111111111111111111000000000000000001
011111111111111111111111100000000000000001
011111111111111111111111110000000000000001
011111111111111111111111111000000000000001
011111111111111111111111111100000000000001
011111111111111111111111111110000000000001
011111111111111111111111111111000000000001
011111111111111111111111111111100000000001
011111111111111111111111111111110000000001
011111111111111111111111111111111000000001
011111111111111111111111111111111100000001
011111111111111111111111111111111110000001
011111111111111111111111111111111111000001
011111111111111111111111111111111111100001
011111111111111111111111111111111111110001
011111111111111111111111111111111111111001
011111111111111111111111111111111111111101
000000000000000000000000000000000000000000
Case #23: POSSIBLE
01111111111111111111111111111111111111111111111110
00000000000000000000000000000000000000000000000001
01000000000000000000000000000000000000000000000001
01100000000000000000000000000000000000000000000001
01110000000000000000000000000000000000000000000001
01111000000000000000000000000000000000000000000001
01111100000000000000000000000000000000000000000001
01111110000000000000000000000000000000000000000001
01111111000000000000000000000000000000000000000001
01111111100000000000000000000000000000000000000001
01111111110000000000000000000000000000000000000001
01111111111000000000000000000000000000000000000001
01111111111100000000000000000000000000000000000001
01111111111110000000000000000000000000000000000001
01111111111111000000000000000000000000000000000001
01111111111111100000000000000000000000000000000001
01111111111111110000000000000000000000000000000001
01111111111111111000000000000000000000000000000001
01111111111111111100000000000000000000000000000001
01111111111111111110000000000000000000000000000001
01111111111111111111000000000000000000000000000001
01111111111111111111100000000000000000000000000001
01111111111111111111110000000000000000000000000001
01111111111111111111111000000000000000000000000001
01111111111111111111111100000000000000000000000001
01111111111111111111111110000000000000000000000001
01111111111111111111111111000000000000000000000001
01111111111111111111111111100000000000000000000001
01111111111111111111111111110000000000000000000001
01111111111111111111111111111000000000000000000001
01111111111111111111111111111100000000000000000001
01111111111111111111111111111110000000000000000001
01111111111111111111111111111111000000000000000001
01111111111111111111111111111111100000000000000001
01111111111111111111111111111111110000000000000001
01111111111111111111111111111111111000000000000001
01111111111111111111111111111111111100000000000001
01111111111111111111111111111111111110000000000001
01111111111111111111111111111111111111000000000001
01111111111111111111111111111111111111100000000001
01111111111111111111111111111111111111110000000001
01111111111111111111111111111111111111111000000001
01111111111111111111111111111111111111111100000001
01111111111111111111111111111111111111111110000001
01111111111111111111111111111111111111111111000001
01111111111111111111111111111111111111111111100001
01111111111111111111111111111111111111111111110001
01111111111111111111111111111111111111111111111001
01111111111111111111111111111111111111111111111101
00000000000000000000000000000000000000000000000000
Case #24: POSSIBLE
0010010
0000001
0100001
0110001
0111001
0111101
0000000
Case #25: POSSIBLE
00110100110
00000000001
01000000001
01100000001
01110000001
01111000001
01111100001
01111110001
01111111001
01111111101
00000000000
Case #26: POSSIBLE
0011000
0000001
0100001
0110001
0111001
0111101
0000000
Case #27: IMPOSSIBLE
Case #28: POSSIBLE
0110110
0000001
0100001
0110001
0111001
0111101
0000000
Case #29: POSSIBLE
0010110
0000001
0100001
0110001
0111001
0111101
0000000
Case #30: POSSIBLE
01111001100
00000000001
01000000001
01100000001
01110000001
01111000001
01111100001
01111110001
01111111001
01111111101
00000000000
Case #31: POSSIBLE
00100010110011100000100
00000000000000000000001
01000000000000000000001
01100000000000000000001
01110000000000000000001
01111000000000000000001
01111100000000000000001
01111110000000000000001
01111111000000000000001
01111111100000000000001
01111111110000000000001
01111111111000000000001
01111111111100000000001
01111111111110000000001
01111111111111000000001
01111111111111100000001
01111111111111110000001
01111111111111111000001
01111111111111111100001
01111111111111111110001
01111111111111111111001
01111111111111111111101
00000000000000000000000
Case #32: IMPOSSIBLE
Case #33: POSSIBLE
0111010101101100001011011001000010
0000000000000000000000000000000001
0100000000000000000000000000000001
0110000000000000000000000000000001
0111000000000000000000000000000001
0111100000000000000000000000000001
0111110000000000000000000000000001
0111111000000000000000000000000001
0111111100000000000000000000000001
0111111110000000000000000000000001
0111111111000000000000000000000001
0111111111100000000000000000000001
0111111111110000000000000000000001
0111111111111000000000000000000001
0111111111111100000000000000000001
0111111111111110000000000000000001
0111111111111111000000000000000001
0111111111111111100000000000000001
0111111111111111110000000000000001
0111111111111111111000000000000001
0111111111111111111100000000000001
0111111111111111111110000000000001
0111111111111111111111000000000001
0111111111111111111111100000000001
0111111111111111111111110000000001
0111111111111111111111111000000001
0111111111111111111111111100000001
0111111111111111111111111110000001
0111111111111111111111111111000001
0111111111111111111111111111100001
0111111111111111111111111111110001
0111111111111111111111111111111001
0111111111111111111111111111111101
0000000000000000000000000000000000
Case #34: POSSIBLE
0010
0001
0101
0000
Case #35: POSSIBLE
0111111
0000001
0100001
0110001
0111001
0111101
0000000
Case #36: POSSIBLE
0010000
0000001
0100001
0110001
0111001
0111101
0000000
Case #37: POSSIBLE
0100110
0000001
0100001
0110001
0111001
0111101
0000000
Case #38: POSSIBLE
0110000
0000001
0100001
0110001
0111001
0111101
0000000
Case #39: POSSIBLE
0100000
0000001
0100001
0110001
0111001
0111101
0000000
Case #40: POSSIBLE
01010001110011100001100
00000000000000000000001
01000000000000000000001
01100000000000000000001
01110000000000000000001
01111000000000000000001
01111100000000000000001
01111110000000000000001
01111111000000000000001
01111111100000000000001
01111111110000000000001
01111111111000000000001
01111111111100000000001
01111111111110000000001
01111111111111000000001
01111111111111100000001
01111111111111110000001
01111111111111111000001
01111111111111111100001
01111111111111111110001
01111111111111111111001
01111111111111111111101
00000000000000000000000
Case #41: POSSIBLE
01100101110100011111010111101011011110
00000000000000000000000000000000000001
01000000000000000000000000000000000001
01100000000000000000000000000000000001
01110000000000000000000000000000000001
01111000000000000000000000000000000001
01111100000000000000000000000000000001
01111110000000000000000000000000000001
01111111000000000000000000000000000001
01111111100000000000000000000000000001
01111111110000000000000000000000000001
01111111111000000000000000000000000001
01111111111100000000000000000000000001
01111111111110000000000000000000000001
01111111111111000000000000000000000001
01111111111111100000000000000000000001
01111111111111110000000000000000000001
01111111111111111000000000000000000001
01111111111111111100000000000000000001
01111111111111111110000000000000000001
01111111111111111111000000000000000001
01111111111111111111100000000000000001
01111111111111111111110000000000000001
01111111111111111111111000000000000001
01111111111111111111111100000000000001
01111111111111111111111110000000000001
01111111111111111111111111000000000001
01111111111111111111111111100000000001
01111111111111111111111111110000000001
01111111111111111111111111111000000001
01111111111111111111111111111100000001
01111111111111111111111111111110000001
01111111111111111111111111111111000001
01111111111111111111111111111111100001
01111111111111111111111111111111110001
01111111111111111111111111111111111001
01111111111111111111111111111111111101
00000000000000000000000000000000000000
Case #42: POSSIBLE
011
001
000
Case #43: IMPOSSIBLE
Case #44: POSSIBLE
0110111011100111010011111111111101010
0000000000000000000000000000000000001
0100000000000000000000000000000000001
0110000000000000000000000000000000001
0111000000000000000000000000000000001
0111100000000000000000000000000000001
0111110000000000000000000000000000001
0111111000000000000000000000000000001
0111111100000000000000000000000000001
0111111110000000000000000000000000001
0111111111000000000000000000000000001
0111111111100000000000000000000000001
0111111111110000000000000000000000001
0111111111111000000000000000000000001
0111111111111100000000000000000000001
0111111111111110000000000000000000001
0111111111111111000000000000000000001
0111111111111111100000000000000000001
0111111111111111110000000000000000001
0111111111111111111000000000000000001
0111111111111111111100000000000000001
0111111111111111111110000000000000001
0111111111111111111111000000000000001
0111111111111111111111100000000000001
0111111111111111111111110000000000001
0111111111111111111111111000000000001
0111111111111111111111111100000000001
0111111111111111111111111110000000001
0111111111111111111111111111000000001
0111111111111111111111111111100000001
0111111111111111111111111111110000001
0111111111111111111111111111111000001
0111111111111111111111111111111100001
0111111111111111111111111111111110001
0111111111111111111111111111111111001
0111111111111111111111111111111111101
0000000000000000000000000000000000000
Case #45: POSSIBLE
0100100
0000001
0100001
0110001
0111001
0111101
0000000
Case #46: POSSIBLE
00110011110010100100000010110101010111100
00000000000000000000000000000000000000001
01000000000000000000000000000000000000001
01100000000000000000000000000000000000001
01110000000000000000000000000000000000001
01111000000000000000000000000000000000001
01111100000000000000000000000000000000001
01111110000000000000000000000000000000001
01111111000000000000000000000000000000001
01111111100000000000000000000000000000001
01111111110000000000000000000000000000001
01111111111000000000000000000000000000001
01111111111100000000000000000000000000001
01111111111110000000000000000000000000001
01111111111111000000000000000000000000001
01111111111111100000000000000000000000001
01111111111111110000000000000000000000001
01111111111111111000000000000000000000001
01111111111111111100000000000000000000001
01111111111111111110000000000000000000001
01111111111111111111000000000000000000001
01111111111111111111100000000000000000001
01111111111111111111110000000000000000001
01111111111111111111111000000000000000001
01111111111111111111111100000000000000001
01111111111111111111111110000000000000001
01111111111111111111111111000000000000001
01111111111111111111111111100000000000001
01111111111111111111111111110000000000001
01111111111111111111111111111000000000001
01111111111111111111111111111100000000001
01111111111111111111111111111110000000001
01111111111111111111111111111111000000001
01111111111111111111111111111111100000001
01111111111111111111111111111111110000001
01111111111111111111111111111111111000001
01111111111111111111111111111111111100001
01111111111111111111111111111111111110001
01111111111111111111111111111111111111001
01111111111111111111111111111111111111101
00000000000000000000000000000000000000000
Case #47: POSSIBLE
01111111111111111111111111111111111111111111111111
00000000000000000000000000000000000000000000000001
01000000000000000000000000000000000000000000000001
01100000000000000000000000000000000000000000000001
01110000000000000000000000000000000000000000000001
01111000000000000000000000000000000000000000000001
01111100000000000000000000000000000000000000000001
01111110000000000000000000000000000000000000000001
01111111000000000000000000000000000000000000000001
01111111100000000000000000000000000000000000000001
01111111110000000000000000000000000000000000000001
01111111111000000000000000000000000000000000000001
01111111111100000000000000000000000000000000000001
01111111111110000000000000000000000000000000000001
01111111111111000000000000000000000000000000000001
01111111111111100000000000000000000000000000000001
01111111111111110000000000000000000000000000000001
01111111111111111000000000000000000000000000000001
01111111111111111100000000000000000000000000000001
01111111111111111110000000000000000000000000000001
01111111111111111111000000000000000000000000000001
01111111111111111111100000000000000000000000000001
01111111111111111111110000000000000000000000000001
01111111111111111111111000000000000000000000000001
01111111111111111111111100000000000000000000000001
01111111111111111111111110000000000000000000000001
01111111111111111111111111000000000000000000000001
01111111111111111111111111100000000000000000000001
01111111111111111111111111110000000000000000000001
01111111111111111111111111111000000000000000000001
01111111111111111111111111111100000000000000000001
01111111111111111111111111111110000000000000000001
01111111111111111111111111111111000000000000000001
01111111111111111111111111111111100000000000000001
01111111111111111111111111111111110000000000000001
01111111111111111111111111111111111000000000000001
01111111111111111111111111111111111100000000000001
01111111111111111111111111111111111110000000000001
01111111111111111111111111111111111111000000000001
01111111111111111111111111111111111111100000000001
01111111111111111111111111111111111111110000000001
01111111111111111111111111111111111111111000000001
01111111111111111111111111111111111111111100000001
01111111111111111111111111111111111111111110000001
01111111111111111111111111111111111111111111000001
01111111111111111111111111111111111111111111100001
01111111111111111111111111111111111111111111110001
01111111111111111111111111111111111111111111111001
01111111111111111111111111111111111111111111111101
00000000000000000000000000000000000000000000000000
Case #48: POSSIBLE
010010010010011100
000000000000000001
010000000000000001
011000000000000001
011100000000000001
011110000000000001
011111000000000001
011111100000000001
011111110000000001
011111111000000001
011111111100000001
011111111110000001
011111111111000001
011111111111100001
011111111111110001
011111111111111001
011111111111111101
000000000000000000
Case #49: POSSIBLE
0000100001001111000001111110
0000000000000000000000000001
0100000000000000000000000001
0110000000000000000000000001
0111000000000000000000000001
0111100000000000000000000001
0111110000000000000000000001
0111111000000000000000000001
0111111100000000000000000001
0111111110000000000000000001
0111111111000000000000000001
0111111111100000000000000001
0111111111110000000000000001
0111111111111000000000000001
0111111111111100000000000001
0111111111111110000000000001
0111111111111111000000000001
0111111111111111100000000001
0111111111111111110000000001
0111111111111111111000000001
0111111111111111111100000001
0111111111111111111110000001
0111111111111111111111000001
0111111111111111111111100001
0111111111111111111111110001
0111111111111111111111111001
0111111111111111111111111101
0000000000000000000000000000
Case #50: POSSIBLE
00111100001110111010101011111110
00000000000000000000000000000001
01000000000000000000000000000001
01100000000000000000000000000001
01110000000000000000000000000001
01111000000000000000000000000001
01111100000000000000000000000001
01111110000000000000000000000001
01111111000000000000000000000001
01111111100000000000000000000001
01111111110000000000000000000001
01111111111000000000000000000001
01111111111100000000000000000001
01111111111110000000000000000001
01111111111111000000000000000001
01111111111111100000000000000001
01111111111111110000000000000001
01111111111111111000000000000001
01111111111111111100000000000001
01111111111111111110000000000001
01111111111111111111000000000001
01111111111111111111100000000001
01111111111111111111110000000001
01111111111111111111111000000001
01111111111111111111111100000001
01111111111111111111111110000001
01111111111111111111111111000001
01111111111111111111111111100001
01111111111111111111111111110001
01111111111111111111111111111001
01111111111111111111111111111101
00000000000000000000000000000000
Case #51: POSSIBLE
0011110
0000001
0100001
0110001
0111001
0111101
0000000
Case #52: IMPOSSIBLE
Case #53: POSSIBLE
0111000
0000001
0100001
0110001
0111001
0111101
0000000
Case #54: POSSIBLE
0110100
0000001
0100001
0110001
0111001
0111101
0000000
Case #55: POSSIBLE
0000010
0000001
0100001
0110001
0111001
0111101
0000000
Case #56: POSSIBLE
01101101110100110000111100000101010111000010100
00000000000000000000000000000000000000000000001
01000000000000000000000000000000000000000000001
01100000000000000000000000000000000000000000001
01110000000000000000000000000000000000000000001
01111000000000000000000000000000000000000000001
01111100000000000000000000000000000000000000001
01111110000000000000000000000000000000000000001
01111111000000000000000000000000000000000000001
01111111100000000000000000000000000000000000001
01111111110000000000000000000000000000000000001
01111111111000000000000000000000000000000000001
01111111111100000000000000000000000000000000001
01111111111110000000000000000000000000000000001
01111111111111000000000000000000000000000000001
01111111111111100000000000000000000000000000001
01111111111111110000000000000000000000000000001
01111111111111111000000000000000000000000000001
01111111111111111100000000000000000000000000001
01111111111111111110000000000000000000000000001
01111111111111111111000000000000000000000000001
01111111111111111111100000000000000000000000001
01111111111111111111110000000000000000000000001
01111111111111111111111000000000000000000000001
01111111111111111111111100000000000000000000001
01111111111111111111111110000000000000000000001
01111111111111111111111111000000000000000000001
01111111111111111111111111100000000000000000001
01111111111111111111111111110000000000000000001
01111111111111111111111111111000000000000000001
01111111111111111111111111111100000000000000001
01111111111111111111111111111110000000000000001
01111111111111111111111111111111000000000000001
01111111111111111111111111111111100000000000001
01111111111111111111111111111111110000000000001
01111111111111111111111111111111111000000000001
01111111111111111111111111111111111100000000001
01111111111111111111111111111111111110000000001
01111111111111111111111111111111111111000000001
01111111111111111111111111111111111111100000001
01111111111111111111111111111111111111110000001
01111111111111111111111111111111111111111000001
01111111111111111111111111111111111111111100001
01111111111111111111111111111111111111111110001
01111111111111111111111111111111111111111111001
01111111111111111111111111111111111111111111101
00000000000000000000000000000000000000000000000
Case #57: POSSIBLE
0110110110001110110110011000
0000000000000000000000000001
0100000000000000000000000001
0110000000000000000000000001
0111000000000000000000000001
0111100000000000000000000001
0111110000000000000000000001
0111111000000000000000000001
0111111100000000000000000001
0111111110000000000000000001
0111111111000000000000000001
0111111111100000000000000001
0111111111110000000000000001
0111111111111000000000000001
0111111111111100000000000001
0111111111111110000000000001
0111111111111111000000000001
0111111111111111100000000001
0111111111111111110000000001
0111111111111111111000000001
0111111111111111111100000001
0111111111111111111110000001
0111111111111111111111000001
0111111111111111111111100001
0111111111111111111111110001
0111111111111111111111111001
0111111111111111111111111101
0000000000000000000000000000
Case #58: POSSIBLE
010000100
000000001
010000001
011000001
011100001
011110001
011111001
011111101
000000000
Case #59: POSSIBLE
000110010000000100110000001110110
000000000000000000000000000000001
010000000000000000000000000000001
011000000000000000000000000000001
011100000000000000000000000000001
011110000000000000000000000000001
011111000000000000000000000000001
011111100000000000000000000000001
011111110000000000000000000000001
011111111000000000000000000000001
011111111100000000000000000000001
011111111110000000000000000000001
011111111111000000000000000000001
011111111111100000000000000000001
011111111111110000000000000000001
011111111111111000000000000000001
011111111111111100000000000000001
011111111111111110000000000000001
011111111111111111000000000000001
011111111111111111100000000000001
011111111111111111110000000000001
011111111111111111111000000000001
011111111111111111111100000000001
011111111111111111111110000000001
011111111111111111111111000000001
011111111111111111111111100000001
011111111111111111111111110000001
011111111111111111111111111000001
011111111111111111111111111100001
011111111111111111111111111110001
011111111111111111111111111111001
011111111111111111111111111111101
000000000000000000000000000000000
Case #60: POSSIBLE
0110010
0000001
0100001
0110001
0111001
0111101
0000000
Case #61: IMPOSSIBLE
Case #62: IMPOSSIBLE
Case #63: POSSIBLE
010110011000001011100010110101101110011101111000
000000000000000000000000000000000000000000000001
010000000000000000000000000000000000000000000001
011000000000000000000000000000000000000000000001
011100000000000000000000000000000000000000000001
011110000000000000000000000000000000000000000001
011111000000000000000000000000000000000000000001
011111100000000000000000000000000000000000000001
011111110000000000000000000000000000000000000001
011111111000000000000000000000000000000000000001
011111111100000000000000000000000000000000000001
011111111110000000000000000000000000000000000001
011111111111000000000000000000000000000000000001
011111111111100000000000000000000000000000000001
011111111111110000000000000000000000000000000001
011111111111111000000000000000000000000000000001
011111111111111100000000000000000000000000000001
011111111111111110000000000000000000000000000001
011111111111111111000000000000000000000000000001
011111111111111111100000000000000000000000000001
011111111111111111110000000000000000000000000001
011111111111111111111000000000000000000000000001
011111111111111111111100000000000000000000000001
011111111111111111111110000000000000000000000001
011111111111111111111111000000000000000000000001
011111111111111111111111100000000000000000000001
011111111111111111111111110000000000000000000001
011111111111111111111111111000000000000000000001
011111111111111111111111111100000000000000000001
011111111111111111111111111110000000000000000001
011111111111111111111111111111000000000000000001
011111111111111111111111111111100000000000000001
011111111111111111111111111111110000000000000001
011111111111111111111111111111111000000000000001
011111111111111111111111111111111100000000000001
011111111111111111111111111111111110000000000001
011111111111111111111111111111111111000000000001
011111111111111111111111111111111111100000000001
011111111111111111111111111111111111110000000001
011111111111111111111111111111111111111000000001
011111111111111111111111111111111111111100000001
011111111111111111111111111111111111111110000001
011111111111111111111111111111111111111111000001
011111111111111111111111111111111111111111100001
011111111111111111111111111111111111111111110001
011111111111111111111111111111111111111111111001
011111111111111111111111111111111111111111111101
000000000000000000000000000000000000000000000000
Case #64: POSSIBLE
0111111111111111111111111111111111111111111111111
0000000000000000000000000000000000000000000000001
0100000000000000000000000000000000000000000000001
0110000000000000000000000000000000000000000000001
0111000000000000000000000000000000000000000000001
0111100000000000000000000000000000000000000000001
0111110000000000000000000000000000000000000000001
0111111000000000000000000000000000000000000000001
0111111100000000000000000000000000000000000000001
0111111110000000000000000000000000000000000000001
0111111111000000000000000000000000000000000000001
0111111111100000000000000000000000000000000000001
0111111111110000000000000000000000000000000000001
0111111111111000000000000000000000000000000000001
0111111111111100000000000000000000000000000000001
0111111111111110000000000000000000000000000000001
0111111111111111000000000000000000000000000000001
0111111111111111100000000000000000000000000000001
0111111111111111110000000000000000000000000000001
0111111111111111111000000000000000000000000000001
0111111111111111111100000000000000000000000000001
0111111111111111111110000000000000000000000000001
0111111111111111111111000000000000000000000000001
0111111111111111111111100000000000000000000000001
0111111111111111111111110000000000000000000000001
0111111111111111111111111000000000000000000000001
0111111111111111111111111100000000000000000000001
0111111111111111111111111110000000000000000000001
0111111111111111111111111111000000000000000000001
0111111111111111111111111111100000000000000000001
0111111111111111111111111111110000000000000000001
0111111111111111111111111111111000000000000000001
0111111111111111111111111111111100000000000000001
0111111111111111111111111111111110000000000000001
0111111111111111111111111111111111000000000000001
0111111111111111111111111111111111100000000000001
0111111111111111111111111111111111110000000000001
0111111111111111111111111111111111111000000000001
0111111111111111111111111111111111111100000000001
0111111111111111111111111111111111111110000000001
0111111111111111111111111111111111111111000000001
0111111111111111111111111111111111111111100000001
0111111111111111111111111111111111111111110000001
0111111111111111111111111111111111111111111000001
0111111111111111111111111111111111111111111100001
0111111111111111111111111111111111111111111110001
0111111111111111111111111111111111111111111111001
0111111111111111111111111111111111111111111111101
0000000000000000000000000000000000000000000000000
Case #65: POSSIBLE
0010100
0000001
0100001
0110001
0111001
0111101
0000000
Case #66: POSSIBLE
01011010101001100101110101100110101100
00000000000000000000000000000000000001
01000000000000000000000000000000000001
01100000000000000000000000000000000001
01110000000000000000000000000000000001
01111000000000000000000000000000000001
01111100000000000000000000000000000001
01111110000000000000000000000000000001
01111111000000000000000000000000000001
01111111100000000000000000000000000001
01111111110000000000000000000000000001
01111111111000000000000000000000000001
01111111111100000000000000000000000001
01111111111110000000000000000000000001
01111111111111000000000000000000000001
01111111111111100000000000000000000001
01111111111111110000000000000000000001
01111111111111111000000000000000000001
01111111111111111100000000000000000001
01111111111111111110000000000000000001
01111111111111111111000000000000000001
01111111111111111111100000000000000001
01111111111111111111110000000000000001
01111111111111111111111000000000000001
01111111111111111111111100000000000001
01111111111111111111111110000000000001
01111111111111111111111111000000000001
01111111111111111111111111100000000001
01111111111111111111111111110000000001
01111111111111111111111111111000000001
01111111111111111111111111111100000001
01111111111111111111111111111110000001
01111111111111111111111111111111000001
01111111111111111111111111111111100001
01111111111111111111111111111111110001
01111111111111111111111111111111111001
01111111111111111111111111111111111101
00000000000000000000000000000000000000
Case #67: POSSIBLE
0001000
0000001
0100001
0110001
0111001
0111101
0000000
Case #68: POSSIBLE
0011010
0000001
0100001
0110001
0111001
0111101
0000000
Case #69: POSSIBLE
0101000
0000001
0100001
0110001
0111001
0111101
0000000
Case #70: POSSIBLE
01000110010111101011111100101100000101010110
00000000000000000000000000000000000000000001
01000000000000000000000000000000000000000001
01100000000000000000000000000000000000000001
01110000000000000000000000000000000000000001
01111000000000000000000000000000000000000001
01111100000000000000000000000000000000000001
01111110000000000000000000000000000000000001
01111111000000000000000000000000000000000001
01111111100000000000000000000000000000000001
01111111110000000000000000000000000000000001
01111111111000000000000000000000000000000001
01111111111100000000000000000000000000000001
01111111111110000000000000000000000000000001
01111111111111000000000000000000000000000001
01111111111111100000000000000000000000000001
01111111111111110000000000000000000000000001
01111111111111111000000000000000000000000001
01111111111111111100000000000000000000000001
01111111111111111110000000000000000000000001
01111111111111111111000000000000000000000001
01111111111111111111100000000000000000000001
01111111111111111111110000000000000000000001
01111111111111111111111000000000000000000001
01111111111111111111111100000000000000000001
01111111111111111111111110000000000000000001
01111111111111111111111111000000000000000001
01111111111111111111111111100000000000000001
01111111111111111111111111110000000000000001
01111111111111111111111111111000000000000001
01111111111111111111111111111100000000000001
01111111111111111111111111111110000000000001
01111111111111111111111111111111000000000001
01111111111111111111111111111111100000000001
01111111111111111111111111111111110000000001
01111111111111111111111111111111111000000001
01111111111111111111111111111111111100000001
01111111111111111111111111111111111110000001
01111111111111111111111111111111111111000001
01111111111111111111111111111111111111100001
01111111111111111111111111111111111111110001
01111111111111111111111111111111111111111001
01111111111111111111111111111111111111111101
00000000000000000000000000000000000000000000
Case #71: POSSIBLE
0110
0001
0101
0000
Case #72: POSSIBLE
0010001011100010001011001000111100000
0000000000000000000000000000000000001
0100000000000000000000000000000000001
0110000000000000000000000000000000001
0111000000000000000000000000000000001
0111100000000000000000000000000000001
0111110000000000000000000000000000001
0111111000000000000000000000000000001
0111111100000000000000000000000000001
0111111110000000000000000000000000001
0111111111000000000000000000000000001
0111111111100000000000000000000000001
0111111111110000000000000000000000001
0111111111111000000000000000000000001
0111111111111100000000000000000000001
0111111111111110000000000000000000001
0111111111111111000000000000000000001
0111111111111111100000000000000000001
0111111111111111110000000000000000001
0111111111111111111000000000000000001
0111111111111111111100000000000000001
0111111111111111111110000000000000001
0111111111111111111111000000000000001
0111111111111111111111100000000000001
0111111111111111111111110000000000001
0111111111111111111111111000000000001
0111111111111111111111111100000000001
0111111111111111111111111110000000001
0111111111111111111111111111000000001
0111111111111111111111111111100000001
0111111111111111111111111111110000001
0111111111111111111111111111111000001
0111111111111111111111111111111100001
0111111111111111111111111111111110001
0111111111111111111111111111111111001
0111111111111111111111111111111111101
0000000000000000000000000000000000000
Case #73: POSSIBLE
0101100
0000001
0100001
0110001
0111001
0111101
0000000
Case #74: POSSIBLE
00000000000000000000000000000000000000000000001100
00000000000000000000000000000000000000000000000001
01000000000000000000000000000000000000000000000001
01100000000000000000000000000000000000000000000001
01110000000000000000000000000000000000000000000001
01111000000000000000000000000000000000000000000001
01111100000000000000000000000000000000000000000001
01111110000000000000000000000000000000000000000001
01111111000000000000000000000000000000000000000001
01111111100000000000000000000000000000000000000001
01111111110000000000000000000000000000000000000001
01111111111000000000000000000000000000000000000001
01111111111100000000000000000000000000000000000001
01111111111110000000000000000000000000000000000001
01111111111111000000000000000000000000000000000001
01111111111111100000000000000000000000000000000001
01111111111111110000000000000000000000000000000001
01111111111111111000000000000000000000000000000001
01111111111111111100000000000000000000000000000001
01111111111111111110000000000000000000000000000001
01111111111111111111000000000000000000000000000001
01111111111111111111100000000000000000000000000001
01111111111111111111110000000000000000000000000001
01111111111111111111111000000000000000000000000001
01111111111111111111111100000000000000000000000001
01111111111111111111111110000000000000000000000001
01111111111111111111111111000000000000000000000001
01111111111111111111111111100000000000000000000001
01111111111111111111111111110000000000000000000001
01111111111111111111111111111000000000000000000001
01111111111111111111111111111100000000000000000001
01111111111111111111111111111110000000000000000001
01111111111111111111111111111111000000000000000001
01111111111111111111111111111111100000000000000001
01111111111111111111111111111111110000000000000001
01111111111111111111111111111111111000000000000001
01111111111111111111111111111111111100000000000001
01111111111111111111111111111111111110000000000001
01111111111111111111111111111111111111000000000001
01111111111111111111111111111111111111100000000001
01111111111111111111111111111111111111110000000001
01111111111111111111111111111111111111111000000001
01111111111111111111111111111111111111111100000001
01111111111111111111111111111111111111111110000001
01111111111111111111111111111111111111111111000001
01111111111111111111111111111111111111111111100001
01111111111111111111111111111111111111111111110001
01111111111111111111111111111111111111111111111001
01111111111111111111111111111111111111111111111101
00000000000000000000000000000000000000000000000000
Case #75: IMPOSSIBLE
Case #76: POSSIBLE
0000100000111101110
0000000000000000001
0100000000000000001
0110000000000000001
0111000000000000001
0111100000000000001
0111110000000000001
0111111000000000001
0111111100000000001
0111111110000000001
0111111111000000001
0111111111100000001
0111111111110000001
0111111111111000001
0111111111111100001
0111111111111110001
0111111111111111001
0111111111111111101
0000000000000000000
Case #77: POSSIBLE
01000000000000000000000000000000000000000000000000
00000000000000000000000000000000000000000000000001
01000000000000000000000000000000000000000000000001
01100000000000000000000000000000000000000000000001
01110000000000000000000000000000000000000000000001
01111000000000000000000000000000000000000000000001
01111100000000000000000000000000000000000000000001
01111110000000000000000000000000000000000000000001
01111111000000000000000000000000000000000000000001
01111111100000000000000000000000000000000000000001
01111111110000000000000000000000000000000000000001
01111111111000000000000000000000000000000000000001
01111111111100000000000000000000000000000000000001
01111111111110000000000000000000000000000000000001
01111111111111000000000000000000000000000000000001
01111111111111100000000000000000000000000000000001
01111111111111110000000000000000000000000000000001
01111111111111111000000000000000000000000000000001
01111111111111111100000000000000000000000000000001
01111111111111111110000000000000000000000000000001
01111111111111111111000000000000000000000000000001
01111111111111111111100000000000000000000000000001
01111111111111111111110000000000000000000000000001
01111111111111111111111000000000000000000000000001
01111111111111111111111100000000000000000000000001
01111111111111111111111110000000000000000000000001
01111111111111111111111111000000000000000000000001
01111111111111111111111111100000000000000000000001
01111111111111111111111111110000000000000000000001
01111111111111111111111111111000000000000000000001
01111111111111111111111111111100000000000000000001
01111111111111111111111111111110000000000000000001
01111111111111111111111111111111000000000000000001
01111111111111111111111111111111100000000000000001
01111111111111111111111111111111110000000000000001
01111111111111111111111111111111111000000000000001
01111111111111111111111111111111111100000000000001
01111111111111111111111111111111111110000000000001
01111111111111111111111111111111111111000000000001
01111111111111111111111111111111111111100000000001
01111111111111111111111111111111111111110000000001
01111111111111111111111111111111111111111000000001
01111111111111111111111111111111111111111100000001
01111111111111111111111111111111111111111110000001
01111111111111111111111111111111111111111111000001
01111111111111111111111111111111111111111111100001
01111111111111111111111111111111111111111111110001
01111111111111111111111111111111111111111111111001
01111111111111111111111111111111111111111111111101
00000000000000000000000000000000000000000000000000
Case #78: POSSIBLE
0111110
0000001
0100001
0110001
0111001
0111101
0000000
Case #79: POSSIBLE
0001010
0000001
0100001
0110001
0111001
0111101
0000000
Case #80: POSSIBLE
01111010100001011001110
00000000000000000000001
01000000000000000000001
01100000000000000000001
01110000000000000000001
01111000000000000000001
01111100000000000000001
01111110000000000000001
01111111000000000000001
01111111100000000000001
01111111110000000000001
01111111111000000000001
01111111111100000000001
01111111111110000000001
01111111111111000000001
01111111111111100000001
01111111111111110000001
01111111111111111000001
01111111111111111100001
01111111111111111110001
01111111111111111111001
01111111111111111111101
00000000000000000000000
Case #81: POSSIBLE
00011011000001010000101001100100100011100010
00000000000000000000000000000000000000000001
01000000000000000000000000000000000000000001
01100000000000000000000000000000000000000001
01110000000000000000000000000000000000000001
01111000000000000000000000000000000000000001
01111100000000000000000000000000000000000001
01111110000000000000000000000000000000000001
01111111000000000000000000000000000000000001
01111111100000000000000000000000000000000001
01111111110000000000000000000000000000000001
01111111111000000000000000000000000000000001
01111111111100000000000000000000000000000001
01111111111110000000000000000000000000000001
01111111111111000000000000000000000000000001
01111111111111100000000000000000000000000001
01111111111111110000000000000000000000000001
01111111111111111000000000000000000000000001
01111111111111111100000000000000000000000001
01111111111111111110000000000000000000000001
01111111111111111111000000000000000000000001
01111111111111111111100000000000000000000001
01111111111111111111110000000000000000000001
01111111111111111111111000000000000000000001
01111111111111111111111100000000000000000001
01111111111111111111111110000000000000000001
01111111111111111111111111000000000000000001
01111111111111111111111111100000000000000001
01111111111111111111111111110000000000000001
01111111111111111111111111111000000000000001
01111111111111111111111111111100000000000001
01111111111111111111111111111110000000000001
01111111111111111111111111111111000000000001
01111111111111111111111111111111100000000001
01111111111111111111111111111111110000000001
01111111111111111111111111111111111000000001
01111111111111111111111111111111111100000001
01111111111111111111111111111111111110000001
01111111111111111111111111111111111111000001
01111111111111111111111111111111111111100001
01111111111111111111111111111111111111110001
01111111111111111111111111111111111111111001
01111111111111111111111111111111111111111101
00000000000000000000000000000000000000000000
Case #82: POSSIBLE
0000110
0000001
0100001
0110001
0111001
0111101
0000000
Case #83: POSSIBLE
01011011011100000100011010
00000000000000000000000001
01000000000000000000000001
01100000000000000000000001
01110000000000000000000001
01111000000000000000000001
01111100000000000000000001
01111110000000000000000001
01111111000000000000000001
01111111100000000000000001
01111111110000000000000001
01111111111000000000000001
01111111111100000000000001
01111111111110000000000001
01111111111111000000000001
01111111111111100000000001
01111111111111110000000001
01111111111111111000000001
01111111111111111100000001
01111111111111111110000001
01111111111111111111000001
01111111111111111111100001
01111111111111111111110001
01111111111111111111111001
01111111111111111111111101
00000000000000000000000000
Case #84: POSSIBLE
0000010100111111011100010000011100
0000000000000000000000000000000001
0100000000000000000000000000000001
0110000000000000000000000000000001
0111000000000000000000000000000001
0111100000000000000000000000000001
0111110000000000000000000000000001
0111111000000000000000000000000001
0111111100000000000000000000000001
0111111110000000000000000000000001
0111111111000000000000000000000001
0111111111100000000000000000000001
0111111111110000000000000000000001
0111111111111000000000000000000001
0111111111111100000000000000000001
0111111111111110000000000000000001
0111111111111111000000000000000001
0111111111111111100000000000000001
0111111111111111110000000000000001
0111111111111111111000000000000001
0111111111111111111100000000000001
0111111111111111111110000000000001
0111111111111111111111000000000001
0111111111111111111111100000000001
0111111111111111111111110000000001
0111111111111111111111111000000001
0111111111111111111111111100000001
0111111111111111111111111110000001
0111111111111111111111111111000001
0111111111111111111111111111100001
0111111111111111111111111111110001
0111111111111111111111111111111001
0111111111111111111111111111111101
0000000000000000000000000000000000
Case #85: POSSIBLE
0011100
0000001
0100001
0110001
0111001
0111101
0000000
Case #86: POSSIBLE
0000100
0000001
0100001
0110001
0111001
0111101
0000000
Case #87: POSSIBLE
011001101011100101000
000000000000000000001
010000000000000000001
011000000000000000001
011100000000000000001
011110000000000000001
011111000000000000001
011111100000000000001
011111110000000000001
011111111000000000001
011111111100000000001
011111111110000000001
011111111111000000001
011111111111100000001
011111111111110000001
011111111111111000001
011111111111111100001
011111111111111110001
011111111111111111001
011111111111111111101
000000000000000000000
Case #88: POSSIBLE
0111010
0000001
0100001
0110001
0111001
0111101
0000000
Case #89: POSSIBLE
0010111100010000001011111100010010
0000000000000000000000000000000001
0100000000000000000000000000000001
0110000000000000000000000000000001
0111000000000000000000000000000001
0111100000000000000000000000000001
0111110000000000000000000000000001
0111111000000000000000000000000001
0111111100000000000000000000000001
0111111110000000000000000000000001
0111111111000000000000000000000001
0111111111100000000000000000000001
0111111111110000000000000000000001
0111111111111000000000000000000001
0111111111111100000000000000000001
0111111111111110000000000000000001
0111111111111111000000000000000001
0111111111111111100000000000000001
0111111111111111110000000000000001
0111111111111111111000000000000001
0111111111111111111100000000000001
0111111111111111111110000000000001
0111111111111111111111000000000001
0111111111111111111111100000000001
0111111111111111111111110000000001
0111111111111111111111111000000001
0111111111111111111111111100000001
0111111111111111111111111110000001
0111111111111111111111111111000001
0111111111111111111111111111100001
0111111111111111111111111111110001
0111111111111111111111111111111001
0111111111111111111111111111111101
0000000000000000000000000000000000
Case #90: POSSIBLE
01110000000010100101111100100100000000001010100
00000000000000000000000000000000000000000000001
01000000000000000000000000000000000000000000001
01100000000000000000000000000000000000000000001
01110000000000000000000000000000000000000000001
01111000000000000000000000000000000000000000001
01111100000000000000000000000000000000000000001
01111110000000000000000000000000000000000000001
01111111000000000000000000000000000000000000001
01111111100000000000000000000000000000000000001
01111111110000000000000000000000000000000000001
01111111111000000000000000000000000000000000001
01111111111100000000000000000000000000000000001
01111111111110000000000000000000000000000000001
01111111111111000000000000000000000000000000001
01111111111111100000000000000000000000000000001
01111111111111110000000000000000000000000000001
01111111111111111000000000000000000000000000001
01111111111111111100000000000000000000000000001
01111111111111111110000000000000000000000000001
01111111111111111111000000000000000000000000001
01111111111111111111100000000000000000000000001
01111111111111111111110000000000000000000000001
01111111111111111111111000000000000000000000001
01111111111111111111111100000000000000000000001
01111111111111111111111110000000000000000000001
01111111111111111111111111000000000000000000001
01111111111111111111111111100000000000000000001
01111111111111111111111111110000000000000000001
01111111111111111111111111111000000000000000001
01111111111111111111111111111100000000000000001
01111111111111111111111111111110000000000000001
01111111111111111111111111111111000000000000001
01111111111111111111111111111111100000000000001
01111111111111111111111111111111110000000000001
01111111111111111111111111111111111000000000001
01111111111111111111111111111111111100000000001
01111111111111111111111111111111111110000000001
01111111111111111111111111111111111111000000001
01111111111111111111111111111111111111100000001
01111111111111111111111111111111111111110000001
01111111111111111111111111111111111111111000001
01111111111111111111111111111111111111111100001
01111111111111111111111111111111111111111110001
01111111111111111111111111111111111111111111001
01111111111111111111111111111111111111111111101
00000000000000000000000000000000000000000000000
Case #91: IMPOSSIBLE
Case #92: POSSIBLE
000011101100010100000
000000000000000000001
010000000000000000001
011000000000000000001
011100000000000000001
011110000000000000001
011111000000000000001
011111100000000000001
011111110000000000001
011111111000000000001
011111111100000000001
011111111110000000001
011111111111000000001
011111111111100000001
011111111111110000001
011111111111111000001
011111111111111100001
011111111111111110001
011111111111111111001
011111111111111111101
000000000000000000000
Case #93: POSSIBLE
00000000000000000000000000000000000000000000000010
00000000000000000000000000000000000000000000000001
01000000000000000000000000000000000000000000000001
01100000000000000000000000000000000000000000000001
01110000000000000000000000000000000000000000000001
01111000000000000000000000000000000000000000000001
01111100000000000000000000000000000000000000000001
01111110000000000000000000000000000000000000000001
01111111000000000000000000000000000000000000000001
01111111100000000000000000000000000000000000000001
01111111110000000000000000000000000000000000000001
01111111111000000000000000000000000000000000000001
01111111111100000000000000000000000000000000000001
01111111111110000000000000000000000000000000000001
01111111111111000000000000000000000000000000000001
01111111111111100000000000000000000000000000000001
01111111111111110000000000000000000000000000000001
01111111111111111000000000000000000000000000000001
01111111111111111100000000000000000000000000000001
01111111111111111110000000000000000000000000000001
01111111111111111111000000000000000000000000000001
01111111111111111111100000000000000000000000000001
01111111111111111111110000000000000000000000000001
01111111111111111111111000000000000000000000000001
01111111111111111111111100000000000000000000000001
01111111111111111111111110000000000000000000000001
01111111111111111111111111000000000000000000000001
01111111111111111111111111100000000000000000000001
01111111111111111111111111110000000000000000000001
01111111111111111111111111111000000000000000000001
01111111111111111111111111111100000000000000000001
01111111111111111111111111111110000000000000000001
01111111111111111111111111111111000000000000000001
01111111111111111111111111111111100000000000000001
01111111111111111111111111111111110000000000000001
01111111111111111111111111111111111000000000000001
01111111111111111111111111111111111100000000000001
01111111111111111111111111111111111110000000000001
01111111111111111111111111111111111111000000000001
01111111111111111111111111111111111111100000000001
01111111111111111111111111111111111111110000000001
01111111111111111111111111111111111111111000000001
01111111111111111111111111111111111111111100000001
01111111111111111111111111111111111111111110000001
01111111111111111111111111111111111111111111000001
01111111111111111111111111111111111111111111100001
01111111111111111111111111111111111111111111110001
01111111111111111111111111111111111111111111111001
01111111111111111111111111111111111111111111111101
00000000000000000000000000000000000000000000000000
Case #94: IMPOSSIBLE
Case #95: POSSIBLE
0101110
0000001
0100001
0110001
0111001
0111101
0000000
Case #96: POSSIBLE
000001100010000000101001000101110
000000000000000000000000000000001
010000000000000000000000000000001
011000000000000000000000000000001
011100000000000000000000000000001
011110000000000000000000000000001
011111000000000000000000000000001
011111100000000000000000000000001
011111110000000000000000000000001
011111111000000000000000000000001
011111111100000000000000000000001
011111111110000000000000000000001
011111111111000000000000000000001
011111111111100000000000000000001
011111111111110000000000000000001
011111111111111000000000000000001
011111111111111100000000000000001
011111111111111110000000000000001
011111111111111111000000000000001
011111111111111111100000000000001
011111111111111111110000000000001
011111111111111111111000000000001
011111111111111111111100000000001
011111111111111111111110000000001
011111111111111111111111000000001
011111111111111111111111100000001
011111111111111111111111110000001
011111111111111111111111111000001
011111111111111111111111111100001
011111111111111111111111111110001
011111111111111111111111111111001
011111111111111111111111111111101
000000000000000000000000000000000
Case #97: POSSIBLE
0111
0001
0101
0000
Case #98: POSSIBLE
000101110011111111011100010
000000000000000000000000001
010000000000000000000000001
011000000000000000000000001
011100000000000000000000001
011110000000000000000000001
011111000000000000000000001
011111100000000000000000001
011111110000000000000000001
011111111000000000000000001
011111111100000000000000001
011111111110000000000000001
011111111111000000000000001
011111111111100000000000001
011111111111110000000000001
011111111111111000000000001
011111111111111100000000001
011111111111111110000000001
011111111111111111000000001
011111111111111111100000001
011111111111111111110000001
011111111111111111111000001
011111111111111111111100001
011111111111111111111110001
011111111111111111111111001
011111111111111111111111101
000000000000000000000000000
Case #99: POSSIBLE
0001110
0000001
0100001
0110001
0111001
0111101
0000000
Case #100: POSSIBLE
01110011110001000
00000000000000001
01000000000000001
01100000000000001
01110000000000001
01111000000000001
01111100000000001
01111110000000001
01111111000000001
01111111100000001
01111111110000001
01111111111000001
01111111111100001
01111111111110001
01111111111111001
01111111111111101
00000000000000000
