Case #1: 1 0
Case #2: 1 0
Case #3: 1 1
Case #4: 0 0
Case #5: 500 499
Case #6: 0 0
Case #7: 1 0
Case #8: 0 0
Case #9: 0 0
Case #10: 1 1
Case #11: 0 0
Case #12: 0 0
Case #13: 0 0
Case #14: 1 0
Case #15: 1 0
Case #16: 0 0
Case #17: 0 0
Case #18: 3905 3905
Case #19: 0 0
Case #20: 1 0
Case #21: 0 0
Case #22: 0 0
Case #23: 1 1
Case #24: 0 0
Case #25: 0 0
Case #26: 0 0
Case #27: 7812 7811
Case #28: 7812 7811
Case #29: 0 0
Case #30: 2 2
Case #31: 1 0
Case #32: 0 0
Case #33: 0 0
Case #34: 2 1
Case #35: 0 0
Case #36: 1 0
Case #37: 0 0
Case #38: 0 0
Case #39: 0 0
Case #40: 0 0
Case #41: 0 0
Case #42: 0 0
Case #43: 0 0
Case #44: 0 0
Case #45: 1 0
Case #46: 499999 499999
Case #47: 0 0
Case #48: 1 0
Case #49: 1 0
Case #50: 0 0
Case #51: 0 0
Case #52: 1 1
Case #53: 250000 249999
Case #54: 1 1
Case #55: 0 0
Case #56: 0 0
Case #57: 3906 3905
Case #58: 1953 1952
Case #59: 1 0
Case #60: 1 1
Case #61: 0 0
Case #62: 3 2
Case #63: 3906 3905
Case #64: 0 0
Case #65: 1 1
Case #66: 250000 249999
Case #67: 1 0
Case #68: 1 0
Case #69: 1 0
Case #70: 1 0
Case #71: 1 0
Case #72: 1 0
Case #73: 1 0
Case #74: 1 0
Case #75: 1 0
Case #76: 1 0
Case #77: 1 0
Case #78: 1 0
Case #79: 1 0
Case #80: 1 0
Case #81: 1 0
Case #82: 1 0
Case #83: 1 0
Case #84: 1 0
Case #85: 1 0
Case #86: 1 0
Case #87: 1 0
Case #88: 1 0
Case #89: 1 0
Case #90: 1 0
Case #91: 1 0
Case #92: 1 0
Case #93: 1 0
Case #94: 1 0
Case #95: 1 0
Case #96: 1 0
Case #97: 1 0
Case #98: 1 0
Case #99: 1 0
Case #100: 1 0
